0 info it worked if it ends with ok
1 verbose cli [ '/usr/local/bin/node',
1 verbose cli   '/usr/local/bin/npm',
1 verbose cli   'install',
1 verbose cli   '--save-dev',
1 verbose cli   'gulp-inyect' ]
2 info using npm@1.4.28
3 info using node@v0.10.32
4 warn package.json GlipsLandingPage@0.0.1 No README data
5 verbose readDependencies using package.json deps
6 verbose cache add [ 'gulp-inyect', null ]
7 verbose cache add name=undefined spec="gulp-inyect" args=["gulp-inyect",null]
8 verbose parsed url { protocol: null,
8 verbose parsed url   slashes: null,
8 verbose parsed url   auth: null,
8 verbose parsed url   host: null,
8 verbose parsed url   port: null,
8 verbose parsed url   hostname: null,
8 verbose parsed url   hash: null,
8 verbose parsed url   search: null,
8 verbose parsed url   query: null,
8 verbose parsed url   pathname: 'gulp-inyect',
8 verbose parsed url   path: 'gulp-inyect',
8 verbose parsed url   href: 'gulp-inyect' }
9 silly lockFile c9d7075b-gulp-inyect gulp-inyect
10 verbose lock gulp-inyect /root/.npm/c9d7075b-gulp-inyect.lock
11 silly lockFile c9d7075b-gulp-inyect gulp-inyect
12 silly lockFile c9d7075b-gulp-inyect gulp-inyect
13 verbose addNamed [ 'gulp-inyect', '' ]
14 verbose addNamed [ null, '*' ]
15 silly lockFile bc3eca24-gulp-inyect gulp-inyect@
16 verbose lock gulp-inyect@ /root/.npm/bc3eca24-gulp-inyect.lock
17 silly addNameRange { name: 'gulp-inyect', range: '*', hasData: false }
18 verbose request where is /gulp-inyect
19 verbose request registry http://registry.npmjs.org/
20 verbose request id 5da513590991715b
21 verbose url raw /gulp-inyect
22 verbose url resolving [ 'http://registry.npmjs.org/', './gulp-inyect' ]
23 verbose url resolved http://registry.npmjs.org/gulp-inyect
24 verbose request where is http://registry.npmjs.org/gulp-inyect
25 info trying registry request attempt 1 at 21:22:37
26 http GET http://registry.npmjs.org/gulp-inyect
27 http 404 http://registry.npmjs.org/gulp-inyect
28 verbose headers { server: 'CouchDB/1.5.0 (Erlang OTP/R16B03)',
28 verbose headers   'content-type': 'application/json',
28 verbose headers   'cache-control': 'max-age=0',
28 verbose headers   'content-length': '52',
28 verbose headers   'accept-ranges': 'bytes',
28 verbose headers   date: 'Mon, 08 Dec 2014 02:22:38 GMT',
28 verbose headers   via: '1.1 varnish',
28 verbose headers   age: '0',
28 verbose headers   'x-served-by': 'cache-jfk1029-JFK',
28 verbose headers   'x-cache': 'MISS, MISS from servercachev4',
28 verbose headers   'x-cache-hits': '0',
28 verbose headers   'x-timer': 'S1418005357.923969,VS0,VE76',
28 verbose headers   'x-cache-lookup': 'MISS from servercachev4:3128',
28 verbose headers   connection: 'close' }
29 silly registry.get cb [ 404,
29 silly registry.get   { server: 'CouchDB/1.5.0 (Erlang OTP/R16B03)',
29 silly registry.get     'content-type': 'application/json',
29 silly registry.get     'cache-control': 'max-age=0',
29 silly registry.get     'content-length': '52',
29 silly registry.get     'accept-ranges': 'bytes',
29 silly registry.get     date: 'Mon, 08 Dec 2014 02:22:38 GMT',
29 silly registry.get     via: '1.1 varnish',
29 silly registry.get     age: '0',
29 silly registry.get     'x-served-by': 'cache-jfk1029-JFK',
29 silly registry.get     'x-cache': 'MISS, MISS from servercachev4',
29 silly registry.get     'x-cache-hits': '0',
29 silly registry.get     'x-timer': 'S1418005357.923969,VS0,VE76',
29 silly registry.get     'x-cache-lookup': 'MISS from servercachev4:3128',
29 silly registry.get     connection: 'close' } ]
30 silly lockFile bc3eca24-gulp-inyect gulp-inyect@
31 silly lockFile bc3eca24-gulp-inyect gulp-inyect@
32 error 404 404 Not Found: gulp-inyect
32 error 404
32 error 404 'gulp-inyect' is not in the npm registry.
32 error 404 You should bug the author to publish it
32 error 404 It was specified as a dependency of 'GlipsLandingPage'
32 error 404
32 error 404 Note that you can also install from a
32 error 404 tarball, folder, or http url, or git url.
33 error System Linux 3.2.0-72-generic
34 error command "/usr/local/bin/node" "/usr/local/bin/npm" "install" "--save-dev" "gulp-inyect"
35 error cwd /home/ramon/DeveloperFront/glipsLanding
36 error node -v v0.10.32
37 error npm -v 1.4.28
38 error code E404
39 verbose exit [ 1, true ]
